[11:40:05] [main/INFO] (FabricLoader/GameProvider) Loading Minecraft 1.19.2 with Fabric Loader 0.14.11
[11:40:06] [main/INFO] (FabricLoader) Loading 46 mods:
	- fabric-api 0.70.0+1.19.2
	- fabric-api-base 0.4.14+6e0787e690
	- fabric-api-lookup-api-v1 1.6.13+93d8cb8290
	- fabric-biome-api-v1 9.0.21+4d0d570390
	- fabric-block-api-v1 1.0.2+e415d50e90
	- fabric-blockrenderlayer-v1 1.1.23+c6af733c90
	- fabric-client-tags-api-v1 1.0.4+b35fea8390
	- fabric-command-api-v2 2.1.10+93d8cb8290
	- fabric-content-registries-v0 3.5.0+7c6cd14d90
	- fabric-convention-tags-v1 1.2.1+27265b3490
	- fabric-crash-report-info-v1 0.2.8+aeb40ebe90
	- fabric-data-generation-api-v1 5.3.4+ad31814d90
	- fabric-dimensions-v1 2.1.34+0d0f210290
	- fabric-entity-events-v1 1.5.3+9244241690
	- fabric-events-interaction-v0 0.4.32+4d0d570390
	- fabric-game-rule-api-v1 1.0.24+b6b6abb490
	- fabric-gametest-api-v1 1.1.6+4d0d570390
	- fabric-item-api-v1 1.6.2+fa140d5990
	- fabric-item-groups-v0 0.3.37+9244241690
	- fabric-key-binding-api-v1 1.0.24+aaaf9d3390
	- fabric-lifecycle-events-v1 2.2.3+1b46dc7890
	- fabric-loot-api-v2 1.1.11+83a8659290
	- fabric-message-api-v1 5.0.6+93d8cb8290
	- fabric-mining-level-api-v1 2.1.22+33fbc73890
	- fabric-models-v0 0.3.20+c6af733c90
	- fabric-networking-api-v1 1.2.9+6e0787e690
	- fabric-object-builder-api-v1 4.1.4+4d0d570390
	- fabric-particles-v1 1.0.13+4d0d570390
	- fabric-registry-sync-v0 0.9.30+9244241690
	- fabric-renderer-api-v1 1.1.1+6e0787e690
	- fabric-renderer-indigo 0.6.18+aeb40ebe90
	- fabric-rendering-data-attachment-v1 0.3.18+6e0787e690
	- fabric-rendering-fluids-v1 3.0.10+4d0d570390
	- fabric-rendering-v1 1.12.0+08b73de490
	- fabric-resource-conditions-api-v1 2.1.2+aae9039d90
	- fabric-resource-loader-v0 0.8.3+251d254a90
	- fabric-screen-api-v1 1.0.31+4d0d570390
	- fabric-screen-handler-api-v1 1.3.5+1cc24b1b90
	- fabric-sound-api-v1 1.0.2+c4f28df590
	- fabric-textures-v0 1.0.23+aeb40ebe90
	- fabric-transfer-api-v1 2.1.4+4d0d570390
	- fabric-transitive-access-wideners-v1 1.3.3+08b73de490
	- fabricloader 0.14.11
	- java 17
	- lecterncrash 1.0.0
	- minecraft 1.19.2
[11:40:07] [main/INFO] (FabricLoader/Mixin) SpongePowered MIXIN Subsystem Version=0.8.5 Source=file:/C:/Users/GradientGamer/.gradle/caches/modules-2/files-2.1/net.fabricmc/sponge-mixin/0.11.4+mixin.0.8.5/c1dc27696aa4006e492c2485c9ccbcb26045a971/sponge-mixin-0.11.4+mixin.0.8.5.jar Service=Knot/Fabric Env=CLIENT
[11:40:07] [main/INFO] (FabricLoader/Mixin) Loaded Fabric development mappings for mixin remapper!
[11:40:08] [main/INFO] (FabricLoader/Mixin) Compatibility level set to JAVA_16
[11:40:08] [main/INFO] (FabricLoader/Mixin) Compatibility level set to JAVA_17
[11:40:12] [main/WARN] (FileUtil) Configuration conflict: there is more than one oshi.properties file on the classpath
[11:40:16] [main/WARN] (FileUtil) Configuration conflict: there is more than one oshi.architecture.properties file on the classpath
[11:40:32] [main/INFO] (Minecraft) Building optimized datafixer
[11:41:00] [Render thread/INFO] (Minecraft) Environment: authHost='https://authserver.mojang.com', accountsHost='https://api.mojang.com', sessionHost='https://sessionserver.mojang.com', servicesHost='https://api.minecraftservices.com', name='PROD'
[11:41:01] [Render thread/ERROR] (Minecraft) Failed to verify authentication
com.mojang.authlib.exceptions.InvalidCredentialsException: Status: 401
	at com.mojang.authlib.exceptions.MinecraftClientHttpException.toAuthenticationException(MinecraftClientHttpException.java:56) ~[authlib-3.11.49.jar:?]
	at com.mojang.authlib.yggdrasil.YggdrasilUserApiService.fetchProperties(YggdrasilUserApiService.java:155) ~[authlib-3.11.49.jar:?]
	at com.mojang.authlib.yggdrasil.YggdrasilUserApiService.<init>(YggdrasilUserApiService.java:55) ~[authlib-3.11.49.jar:?]
	at com.mojang.authlib.yggdrasil.YggdrasilAuthenticationService.createUserApiService(YggdrasilAuthenticationService.java:161) ~[authlib-3.11.49.jar:?]
	at net.minecraft.client.MinecraftClient.createUserApiService(MinecraftClient.java:711) [minecraft-project-@-merged-named.jar:?]
	at net.minecraft.client.MinecraftClient.<init>(MinecraftClient.java:431) [minecraft-project-@-merged-named.jar:?]
	at net.minecraft.client.main.Main.main(Main.java:205) [minecraft-project-@-merged-named.jar:?]
	at net.minecraft.client.main.Main.main(Main.java:51) [minecraft-project-@-merged-named.jar:?]
	at net.fabricmc.loader.impl.game.minecraft.MinecraftGameProvider.launch(MinecraftGameProvider.java:461) [fabric-loader-0.14.11.jar:?]
	at net.fabricmc.loader.impl.launch.knot.Knot.launch(Knot.java:74) [fabric-loader-0.14.11.jar:?]
	at net.fabricmc.loader.impl.launch.knot.KnotClient.main(KnotClient.java:23) [fabric-loader-0.14.11.jar:?]
	at net.fabricmc.devlaunchinjector.Main.main(Main.java:86) [dev-launch-injector-0.2.1+build.8.jar:?]
Caused by: com.mojang.authlib.exceptions.MinecraftClientHttpException: Status: 401
	at com.mojang.authlib.minecraft.client.MinecraftClient.readInputStream(MinecraftClient.java:85) ~[authlib-3.11.49.jar:?]
	at com.mojang.authlib.minecraft.client.MinecraftClient.get(MinecraftClient.java:48) ~[authlib-3.11.49.jar:?]
	at com.mojang.authlib.yggdrasil.YggdrasilUserApiService.fetchProperties(YggdrasilUserApiService.java:129) ~[authlib-3.11.49.jar:?]
	... 10 more
[11:41:01] [Render thread/INFO] (Minecraft) Setting user: Player360
[11:41:02] [Render thread/INFO] (Indigo) [Indigo] Registering Indigo renderer!
[11:41:04] [Render thread/INFO] (Minecraft) Backend library: LWJGL version 3.3.1 SNAPSHOT
[11:41:12] [Worker-Main-8/ERROR] (Minecraft) Failed to retrieve profile key pair
java.io.IOException: Could not retrieve profile key pair
	at net.minecraft.client.util.ProfileKeys.fetchKeyPair(ProfileKeys.java:130) ~[minecraft-project-@-merged-named.jar:?]
	at net.minecraft.client.util.ProfileKeys.method_44291(ProfileKeys.java:69) ~[minecraft-project-@-merged-named.jar:?]
	at java.util.concurrent.CompletableFuture$AsyncSupply.run(CompletableFuture.java:1768) [?:?]
	at java.util.concurrent.CompletableFuture$AsyncSupply.exec(CompletableFuture.java:1760) [?:?]
	at java.util.concurrent.ForkJoinTask.doExec(ForkJoinTask.java:373) [?:?]
	at java.util.concurrent.ForkJoinPool$WorkQueue.topLevelExec(ForkJoinPool.java:1182) [?:?]
	at java.util.concurrent.ForkJoinPool.scan(ForkJoinPool.java:1655) [?:?]
	at java.util.concurrent.ForkJoinPool.runWorker(ForkJoinPool.java:1622) [?:?]
	at java.util.concurrent.ForkJoinWorkerThread.run(ForkJoinWorkerThread.java:165) [?:?]
[11:41:13] [Render thread/INFO] (Minecraft) Narrator library for x64 successfully loaded
[11:41:13] [Render thread/INFO] (Minecraft) Reloading ResourceManager: Default, Fabric Mods (Fabric Registry Sync (v0), Fabric Particles (v1), Fabric Biome API (v1), Fabric Command API (v2), Lectern, Fabric Crash Report Info (v1), Fabric Screen API (v1), Fabric API, Fabric Transfer API (v1), Fabric Rendering Data Attachment (v1), Fabric Item Groups (v0), Fabric Entity Events (v1), Fabric Item API (v1), Fabric Rendering Fluids (v1), Fabric Models (v0), Fabric Events Interaction (v0), Fabric Transitive Access Wideners (v1), Fabric Game Rule API (v1), Fabric Networking API (v1), Fabric Sound API (v1), Fabric Loader, Fabric Lifecycle Events (v1), Fabric Dimensions API (v1), Fabric Resource Conditions API (v1), Fabric Message API (v1), Fabric Rendering (v1), Fabric Textures (v0), Fabric BlockRenderLayer Registration (v1), Fabric Resource Loader (v0), Fabric Key Binding API (v1), Fabric Loot API (v2), Fabric API Lookup API (v1), Fabric Content Registries (v0), Fabric Renderer API (v1), Fabric Convention Tags, Fabric Screen Handler API (v1), Fabric Mining Level API (v1), Fabric Block API (v1), Fabric Object Builder API (v1), Fabric Renderer - Indigo, Fabric Client Tags, Fabric Data Generation API (v1), Fabric API Base, Fabric Game Test API (v1))
[11:41:14] [Realms Notification Availability checker #1/INFO] (Minecraft) Could not authorize you against Realms server: Invalid session id
[11:41:21] [Render thread/WARN] (Minecraft) Missing sound for event: minecraft:item.goat_horn.play
[11:41:21] [Render thread/WARN] (Minecraft) Missing sound for event: minecraft:entity.goat.screaming.horn_break
[11:41:22] [Render thread/INFO] (Minecraft) OpenAL initialized on device OpenAL Soft on Speaker/Headphone (Realtek High Definition Audio)
[11:41:22] [Render thread/INFO] (Minecraft) Sound engine started
[11:41:23] [Render thread/INFO] (Minecraft) Created: 1024x1024x4 minecraft:textures/atlas/blocks.png-atlas
[11:41:23] [Render thread/INFO] (Minecraft) Created: 256x128x4 minecraft:textures/atlas/signs.png-atlas
[11:41:23] [Render thread/INFO] (Minecraft) Created: 1024x512x4 minecraft:textures/atlas/banner_patterns.png-atlas
[11:41:23] [Render thread/INFO] (Minecraft) Created: 1024x512x4 minecraft:textures/atlas/shield_patterns.png-atlas
[11:41:23] [Render thread/INFO] (Minecraft) Created: 256x256x4 minecraft:textures/atlas/chest.png-atlas
[11:41:23] [Render thread/INFO] (Minecraft) Created: 512x256x4 minecraft:textures/atlas/beds.png-atlas
[11:41:23] [Render thread/INFO] (Minecraft) Created: 512x256x4 minecraft:textures/atlas/shulker_boxes.png-atlas
[11:41:27] [Render thread/WARN] (Minecraft) Shader rendertype_entity_translucent_emissive could not find sampler named Sampler2 in the specified shader program.
[11:41:28] [Render thread/INFO] (Minecraft) Created: 512x256x0 minecraft:textures/atlas/particles.png-atlas
[11:41:28] [Render thread/INFO] (Minecraft) Created: 256x256x0 minecraft:textures/atlas/paintings.png-atlas
[11:41:28] [Render thread/INFO] (Minecraft) Created: 256x128x0 minecraft:textures/atlas/mob_effects.png-atlas
[11:41:45] [Render thread/INFO] (Minecraft) Loaded 7 recipes
[11:41:50] [Render thread/INFO] (Minecraft) Loaded 1179 advancements
[11:41:57] [Worker-Main-10/ERROR] (Minecraft) Failed to retrieve profile key pair
java.io.IOException: Could not retrieve profile key pair
	at net.minecraft.client.util.ProfileKeys.fetchKeyPair(ProfileKeys.java:130) ~[minecraft-project-@-merged-named.jar:?]
	at net.minecraft.client.util.ProfileKeys.method_44291(ProfileKeys.java:69) ~[minecraft-project-@-merged-named.jar:?]
	at java.util.concurrent.CompletableFuture$AsyncSupply.run(CompletableFuture.java:1768) [?:?]
	at java.util.concurrent.CompletableFuture$AsyncSupply.exec(CompletableFuture.java:1760) [?:?]
	at java.util.concurrent.ForkJoinTask.doExec(ForkJoinTask.java:373) [?:?]
	at java.util.concurrent.ForkJoinPool$WorkQueue.topLevelExec(ForkJoinPool.java:1182) [?:?]
	at java.util.concurrent.ForkJoinPool.scan(ForkJoinPool.java:1655) [?:?]
	at java.util.concurrent.ForkJoinPool.runWorker(ForkJoinPool.java:1622) [?:?]
	at java.util.concurrent.ForkJoinWorkerThread.run(ForkJoinWorkerThread.java:165) [?:?]
[11:41:58] [Render thread/INFO] (BiomeModificationImpl) Applied 0 biome modifications to 0 of 63 new biomes in 14.07 ms
[11:41:59] [Server thread/INFO] (Minecraft) Starting integrated minecraft server version 1.19.2
[11:41:59] [Server thread/INFO] (Minecraft) Generating keypair
[11:42:01] [Server thread/INFO] (Minecraft) Preparing start region for dimension minecraft:overworld
[11:42:10] [Render thread/INFO] (Minecraft) Preparing spawn area: 0%
[11:42:11] [Render thread/INFO] (Minecraft) Preparing spawn area: 0%
[11:42:11] [Render thread/INFO] (Minecraft) Preparing spawn area: 0%
[11:42:11] [Render thread/INFO] (Minecraft) Preparing spawn area: 0%
[11:42:11] [Render thread/INFO] (Minecraft) Preparing spawn area: 0%
[11:42:11] [Render thread/INFO] (Minecraft) Preparing spawn area: 0%
[11:42:11] [Render thread/INFO] (Minecraft) Preparing spawn area: 0%
[11:42:11] [Render thread/INFO] (Minecraft) Preparing spawn area: 0%
[11:42:11] [Render thread/INFO] (Minecraft) Preparing spawn area: 0%
[11:42:11] [Render thread/INFO] (Minecraft) Preparing spawn area: 0%
[11:42:11] [Render thread/INFO] (Minecraft) Preparing spawn area: 0%
[11:42:11] [Render thread/INFO] (Minecraft) Preparing spawn area: 0%
[11:42:11] [Render thread/INFO] (Minecraft) Preparing spawn area: 0%
[11:42:12] [Render thread/INFO] (Minecraft) Preparing spawn area: 0%
[11:42:12] [Render thread/INFO] (Minecraft) Preparing spawn area: 0%
[11:42:12] [Render thread/INFO] (Minecraft) Preparing spawn area: 0%
[11:42:12] [Render thread/INFO] (Minecraft) Preparing spawn area: 0%
[11:42:12] [Render thread/INFO] (Minecraft) Preparing spawn area: 0%
[11:42:12] [Render thread/INFO] (Minecraft) Preparing spawn area: 0%
[11:42:12] [Render thread/INFO] (Minecraft) Preparing spawn area: 0%
[11:42:12] [Render thread/INFO] (Minecraft) Preparing spawn area: 0%
[11:42:12] [Render thread/INFO] (Minecraft) Preparing spawn area: 0%
[11:42:12] [Render thread/INFO] (Minecraft) Preparing spawn area: 0%
[11:42:13] [Render thread/INFO] (Minecraft) Preparing spawn area: 0%
[11:42:13] [Render thread/INFO] (Minecraft) Preparing spawn area: 0%
[11:42:14] [Render thread/INFO] (Minecraft) Preparing spawn area: 0%
[11:42:14] [Render thread/INFO] (Minecraft) Preparing spawn area: 0%
[11:42:14] [Render thread/INFO] (Minecraft) Preparing spawn area: 0%
[11:42:15] [Render thread/INFO] (Minecraft) Preparing spawn area: 0%
[11:42:15] [Render thread/INFO] (Minecraft) Preparing spawn area: 0%
[11:42:16] [Render thread/INFO] (Minecraft) Preparing spawn area: 0%
[11:42:16] [Render thread/INFO] (Minecraft) Preparing spawn area: 0%
[11:42:17] [Render thread/INFO] (Minecraft) Preparing spawn area: 4%
[11:42:18] [Render thread/INFO] (Minecraft) Preparing spawn area: 9%
[11:42:18] [Render thread/INFO] (Minecraft) Preparing spawn area: 42%
[11:42:19] [Render thread/INFO] (Minecraft) Preparing spawn area: 42%
[11:42:19] [Render thread/INFO] (Minecraft) Preparing spawn area: 42%
[11:42:19] [Render thread/INFO] (Minecraft) Preparing spawn area: 85%
[11:42:21] [Render thread/INFO] (Minecraft) Preparing spawn area: 91%
[11:42:21] [Render thread/INFO] (Minecraft) Preparing spawn area: 91%
[11:42:24] [Render thread/INFO] (Minecraft) Time elapsed: 22688 ms
[11:42:25] [Server thread/INFO] (Minecraft) Changing view distance to 12, from 10
[11:42:42] [Server thread/INFO] (Minecraft) Changing simulation distance to 12, from 0
[11:42:42] [Server thread/WARN] (Minecraft) Can't keep up! Is the server overloaded? Running 18151ms or 363 ticks behind
[11:42:56] [Server thread/INFO] (Minecraft) Player360[local:E:27c04df8] logged in with entity id 21 at (5.5, -60.0, 6.5)
[11:42:57] [Server thread/INFO] (Minecraft) Player360 joined the game
[11:43:15] [Render thread/INFO] (Minecraft) Loaded 0 advancements
[11:43:19] [Worker-Bootstrap-4/INFO] (Minecraft) 4283 Datafixer optimizations took 167112 milliseconds
[11:43:23] [Render thread/INFO] (Minecraft) [System] [CHAT] Zǎoshang hǎo zhōngguóxiànzài wǒ yǒu Bing Chilling
[11:43:29] [Render thread/INFO] (Minecraft) [System] [CHAT] Zǎoshang hǎo zhōngguóxiànzài wǒ yǒu Bing Chilling
[11:43:31] [Render thread/INFO] (Minecraft) [System] [CHAT] Zǎoshang hǎo zhōngguóxiànzài wǒ yǒu Bing Chilling
[11:43:37] [Server thread/INFO] (Minecraft) Saving and pausing game...
[11:43:37] [Server thread/INFO] (Minecraft) Saving chunks for level 'ServerLevel[New World]'/minecraft:overworld
[11:43:37] [Server thread/INFO] (Minecraft) Saving chunks for level 'ServerLevel[New World]'/minecraft:the_end
[11:43:37] [Server thread/INFO] (Minecraft) Saving chunks for level 'ServerLevel[New World]'/minecraft:the_nether
[11:43:38] [Render thread/INFO] (Minecraft) Stopping!
[11:43:38] [Server thread/INFO] (Minecraft) Player360 lost connection: Disconnected
[11:43:38] [Server thread/INFO] (Minecraft) Player360 left the game
[11:43:38] [Server thread/INFO] (Minecraft) Stopping singleplayer server as player logged out
[11:43:38] [Server thread/INFO] (Minecraft) Stopping server
[11:43:38] [Server thread/INFO] (Minecraft) Saving players
[11:43:38] [Server thread/INFO] (Minecraft) Saving worlds
[11:43:40] [Server thread/INFO] (Minecraft) Saving chunks for level 'ServerLevel[New World]'/minecraft:overworld
[11:43:40] [Server thread/INFO] (Minecraft) Saving chunks for level 'ServerLevel[New World]'/minecraft:the_end
[11:43:40] [Server thread/INFO] (Minecraft) Saving chunks for level 'ServerLevel[New World]'/minecraft:the_nether
[11:43:40] [Server thread/INFO] (Minecraft) ThreadedAnvilChunkStorage (New World): All chunks are saved
[11:43:40] [Server thread/INFO] (Minecraft) ThreadedAnvilChunkStorage (DIM1): All chunks are saved
[11:43:40] [Server thread/INFO] (Minecraft) ThreadedAnvilChunkStorage (DIM-1): All chunks are saved
[11:43:40] [Server thread/INFO] (Minecraft) ThreadedAnvilChunkStorage: All dimensions are saved
